<?xml version="1.0" encoding="UTF-8"?>
<testsuites name="Regretion Test" time="169.609" tests="5" failures="0" errors="0">
   <testsuite name="Regretion Test" tests="5" failures="0" errors="0" time="169.609" skipped="0" timestamp="2022-02-02 13:58:17" hostname="Tinton Aji Sadewo - DESKTOP-G8IVTM2" id="Test Suites/BUKALAPAK/Regretion Test">
      <properties>
[...]
</properties>
      <testcase name="Test Cases/Login_Valid" time="53.697" classname="Test Cases/Login_Valid" status="PASSED">
         <system-out><![CDATA[2022-02-02 13:58:18 - [TEST_CASE][PASSED] - Test Cases/Login_Valid: Test Cases/Login_Valid

2022-02-02 13:58:18 - [TEST_STEP][PASSED] - openBrowser(""): Browser is opened with url: ''

2022-02-02 13:58:19 - [MESSAGE][INFO] - Starting 'Chrome' driver

2022-02-02 13:58:19 - [MESSAGE][INFO] - Action delay is set to 0 milliseconds

2022-02-02 13:58:21 - [MESSAGE][PASSED] - Browser is opened with url: ''

2022-02-02 13:58:21 - [TEST_STEP][PASSED] - navigateToUrl("https://www.bukalapak.com/"): Navigate to 'https://www.bukalapak.com/' successfully

2022-02-02 13:58:29 - [MESSAGE][PASSED] - Navigate to 'https://www.bukalapak.com/' successfully

2022-02-02 13:58:29 - [TEST_STEP][PASSED] - click(findTestObject("Object Repository/Login_Valid/Page_Situs Belanja Online dan Jual Beli Mud_3c8940/p_Login")): Object: 'Object Repository/Login_Valid/Page_Situs Belanja Online dan Jual Beli Mud_3c8940/p_Login' is clicked on

2022-02-02 13:58:34 - [MESSAGE][PASSED] - Object: 'Object Repository/Login_Valid/Page_Situs Belanja Online dan Jual Beli Mud_3c8940/p_Login' is clicked on

2022-02-02 13:58:34 - [TEST_STEP][PASSED] - setText(findTestObject("Object Repository/Login_Valid/Page_Accounts/input_Nomor handphone atau email_LoginID"), "testqatinton@gmail.com"): Text 'testqatinton@gmail.com' is set on object 'Object Repository/Login_Valid/Page_Accounts/input_Nomor handphone atau email_LoginID'

2022-02-02 13:58:37 - [MESSAGE][PASSED] - Text 'testqatinton@gmail.com' is set on object 'Object Repository/Login_Valid/Page_Accounts/input_Nomor handphone atau email_LoginID'

2022-02-02 13:58:37 - [TEST_STEP][PASSED] - click(findTestObject("Object Repository/Login_Valid/Page_Accounts/span_Lanjut")): Object: 'Object Repository/Login_Valid/Page_Accounts/span_Lanjut' is clicked on

2022-02-02 13:58:38 - [MESSAGE][PASSED] - Object: 'Object Repository/Login_Valid/Page_Accounts/span_Lanjut' is clicked on

2022-02-02 13:58:38 - [TEST_STEP][PASSED] - setEncryptedText(findTestObject("Object Repository/Login_Valid/Page_Accounts/input_Lanjut_Password"), "7/sDHkklWiy9BTSZEhg+nw=="): Text ****** has been set on object 'Object Repository/Login_Valid/Page_Accounts/input_Lanjut_Password'

2022-02-02 13:58:39 - [MESSAGE][PASSED] - Text ****** has been set on object 'Object Repository/Login_Valid/Page_Accounts/input_Lanjut_Password'

2022-02-02 13:58:39 - [TEST_STEP][PASSED] - click(findTestObject("Object Repository/Login_Valid/Page_Accounts/button_Login")): Object: 'Object Repository/Login_Valid/Page_Accounts/button_Login' is clicked on

2022-02-02 13:58:39 - [MESSAGE][PASSED] - Object: 'Object Repository/Login_Valid/Page_Accounts/button_Login' is clicked on

2022-02-02 13:58:39 - [TEST_STEP][PASSED] - click(findTestObject("Object Repository/Login_Valid/Page_Situs Belanja Online dan Jual Beli Mud_3c8940/path")): Object: 'Object Repository/Login_Valid/Page_Situs Belanja Online dan Jual Beli Mud_3c8940/path' is clicked on

2022-02-02 13:59:10 - [MESSAGE][INFO] - Unable to find the element located by 'By.xpath: '. Please recheck the objects properties to make sure the desired element is located. 

2022-02-02 13:59:10 - [MESSAGE][WARNING] - [SELF-HEALING] Failed to find element with id 'Object Repository/Login_Valid/Page_Situs Belanja Online dan Jual Beli Mud_3c8940/path'. Try using Self-healing.

2022-02-02 13:59:10 - [MESSAGE][WARNING] - [SELF-HEALING] The current locator of test object 'Object Repository/Login_Valid/Page_Situs Belanja Online dan Jual Beli Mud_3c8940/path' was broken. Propose an alternative one: 'div.bl-flex-container.align-items-center > svg.sigil-header__nav-action.sigil-arrow-down.svg-icon.svg-fill > path'.

2022-02-02 13:59:11 - [MESSAGE][PASSED] - Object: 'Object Repository/Login_Valid/Page_Situs Belanja Online dan Jual Beli Mud_3c8940/path' is clicked on

2022-02-02 13:59:11 - [TEST_STEP][PASSED] - takeScreenshot(): Taking screenshot successfully

2022-02-02 13:59:11 - [MESSAGE][PASSED] - Taking screenshot successfully
[[ATTACHMENT|C:\\Users\\Tinton Aji Sadewo\\Katalon Studio\\BukaLapak\\Reports\\20220202_135807\\BUKALAPAK\\Regretion Test\\20220202_135807\\1643785151554.png]]]]></system-out>
         <system-err><![CDATA[]]></system-err>
      </testcase>
      <testcase name="Test Cases/Bukalapak/Login_Invalid/Email_Email" time="50.931" classname="Test Cases/Bukalapak/Login_Invalid/Email_Email" status="PASSED">
         <system-out><![CDATA[2022-02-02 13:59:11 - [TEST_CASE][PASSED] - Test Cases/Bukalapak/Login_Invalid/Email_Email: Test Cases/Bukalapak/Login_Invalid/Email_Email

2022-02-02 13:59:12 - [TEST_STEP][PASSED] - openBrowser(""): Browser is opened with url: ''

2022-02-02 13:59:12 - [MESSAGE][WARNING] - A browser is already opened. Closing browser and opening a new one

2022-02-02 13:59:13 - [MESSAGE][INFO] - Starting 'Chrome' driver

2022-02-02 13:59:13 - [MESSAGE][INFO] - Action delay is set to 0 milliseconds

2022-02-02 13:59:15 - [MESSAGE][PASSED] - Browser is opened with url: ''

2022-02-02 13:59:15 - [TEST_STEP][PASSED] - navigateToUrl("https://www.bukalapak.com/"): Navigate to 'https://www.bukalapak.com/' successfully

2022-02-02 13:59:22 - [MESSAGE][PASSED] - Navigate to 'https://www.bukalapak.com/' successfully

2022-02-02 13:59:22 - [TEST_STEP][PASSED] - click(findTestObject("Object Repository/Login_Valid/Page_Situs Belanja Online dan Jual Beli Mud_3c8940/p_Login")): Object: 'Object Repository/Login_Valid/Page_Situs Belanja Online dan Jual Beli Mud_3c8940/p_Login' is clicked on

2022-02-02 13:59:27 - [MESSAGE][PASSED] - Object: 'Object Repository/Login_Valid/Page_Situs Belanja Online dan Jual Beli Mud_3c8940/p_Login' is clicked on

2022-02-02 13:59:27 - [TEST_STEP][PASSED] - setText(findTestObject("Object Repository/Login_Valid/Page_Accounts/input_Nomor handphone atau email_LoginID"), "Email"): Text 'Email' is set on object 'Object Repository/Login_Valid/Page_Accounts/input_Nomor handphone atau email_LoginID'

2022-02-02 13:59:30 - [MESSAGE][PASSED] - Text 'Email' is set on object 'Object Repository/Login_Valid/Page_Accounts/input_Nomor handphone atau email_LoginID'

2022-02-02 13:59:30 - [TEST_STEP][PASSED] - click(findTestObject("Object Repository/Login_Valid/Page_Accounts/span_Lanjut")): Object: 'Object Repository/Login_Valid/Page_Accounts/span_Lanjut' is clicked on

2022-02-02 13:59:30 - [MESSAGE][PASSED] - Object: 'Object Repository/Login_Valid/Page_Accounts/span_Lanjut' is clicked on

2022-02-02 13:59:30 - [TEST_STEP][PASSED] - verifyElementText(findTestObject("Notifikasi_Login/p_User tidak ditemukan"), "Akun tidak ditemukan. Periksa dan coba lagi ya."): Actual text and expected text of test object 'Object Repository/Notifikasi_Login/p_User tidak ditemukan' are matched.

2022-02-02 14:00:02 - [MESSAGE][INFO] - Unable to find the element located by 'By.xpath: //*[(text() = '
       Akun tidak ditemukan. Periksa dan coba lagi ya.
      ' or . = '
       Akun tidak ditemukan. Periksa dan coba lagi ya.
      ')]'. Please recheck the objects properties to make sure the desired element is located. 

2022-02-02 14:00:02 - [MESSAGE][WARNING] - [SELF-HEALING] Failed to find element with id 'Object Repository/Notifikasi_Login/p_User tidak ditemukan'. Try using Self-healing.

2022-02-02 14:00:02 - [MESSAGE][WARNING] - [SELF-HEALING] The current locator of test object 'Object Repository/Notifikasi_Login/p_User tidak ditemukan' was broken. Propose an alternative one: '(.//*[normalize-space(text()) and normalize-space(.)='Nomor handphone atau email'])[1]/following::p[1]'.

2022-02-02 14:00:02 - [MESSAGE][PASSED] - Actual text and expected text of test object 'Object Repository/Notifikasi_Login/p_User tidak ditemukan' are matched.

2022-02-02 14:00:02 - [TEST_STEP][PASSED] - takeScreenshot(): Taking screenshot successfully

2022-02-02 14:00:02 - [MESSAGE][PASSED] - Taking screenshot successfully
[[ATTACHMENT|C:\\Users\\Tinton Aji Sadewo\\Katalon Studio\\BukaLapak\\Reports\\20220202_135807\\BUKALAPAK\\Regretion Test\\20220202_135807\\1643785202715.png]]]]></system-out>
         <system-err><![CDATA[]]></system-err>
      </testcase>
      <testcase name="Test Cases/Bukalapak/Login_Invalid/Email_Null" time="21.429" classname="Test Cases/Bukalapak/Login_Invalid/Email_Null" status="PASSED">
         <system-out><![CDATA[2022-02-02 14:00:02 - [TEST_CASE][PASSED] - Test Cases/Bukalapak/Login_Invalid/Email_Null: Test Cases/Bukalapak/Login_Invalid/Email_Null

2022-02-02 14:00:03 - [TEST_STEP][PASSED] - openBrowser(""): Browser is opened with url: ''

2022-02-02 14:00:03 - [MESSAGE][WARNING] - A browser is already opened. Closing browser and opening a new one

2022-02-02 14:00:04 - [MESSAGE][INFO] - Starting 'Chrome' driver

2022-02-02 14:00:04 - [MESSAGE][INFO] - Action delay is set to 0 milliseconds

2022-02-02 14:00:05 - [MESSAGE][PASSED] - Browser is opened with url: ''

2022-02-02 14:00:05 - [TEST_STEP][PASSED] - navigateToUrl("https://www.bukalapak.com/"): Navigate to 'https://www.bukalapak.com/' successfully

2022-02-02 14:00:13 - [MESSAGE][PASSED] - Navigate to 'https://www.bukalapak.com/' successfully

2022-02-02 14:00:13 - [TEST_STEP][PASSED] - click(findTestObject("Object Repository/Login_Valid/Page_Situs Belanja Online dan Jual Beli Mud_3c8940/p_Login")): Object: 'Object Repository/Login_Valid/Page_Situs Belanja Online dan Jual Beli Mud_3c8940/p_Login' is clicked on

2022-02-02 14:00:19 - [MESSAGE][PASSED] - Object: 'Object Repository/Login_Valid/Page_Situs Belanja Online dan Jual Beli Mud_3c8940/p_Login' is clicked on

2022-02-02 14:00:19 - [TEST_STEP][PASSED] - setText(findTestObject("Object Repository/Login_Valid/Page_Accounts/input_Nomor handphone atau email_LoginID"), ""): Text '' is set on object 'Object Repository/Login_Valid/Page_Accounts/input_Nomor handphone atau email_LoginID'

2022-02-02 14:00:22 - [MESSAGE][PASSED] - Text '' is set on object 'Object Repository/Login_Valid/Page_Accounts/input_Nomor handphone atau email_LoginID'

2022-02-02 14:00:22 - [TEST_STEP][PASSED] - click(findTestObject("Object Repository/Login_Valid/Page_Accounts/span_Lanjut")): Object: 'Object Repository/Login_Valid/Page_Accounts/span_Lanjut' is clicked on

2022-02-02 14:00:23 - [MESSAGE][PASSED] - Object: 'Object Repository/Login_Valid/Page_Accounts/span_Lanjut' is clicked on

2022-02-02 14:00:23 - [TEST_STEP][PASSED] - verifyElementText(findTestObject("Notifikasi_Login/p_Form harus diisi dulu ya"), "Form harus diisi dulu ya"): Actual text and expected text of test object 'Object Repository/Notifikasi_Login/p_Form harus diisi dulu ya' are matched.

2022-02-02 14:00:23 - [MESSAGE][PASSED] - Actual text and expected text of test object 'Object Repository/Notifikasi_Login/p_Form harus diisi dulu ya' are matched.

2022-02-02 14:00:23 - [TEST_STEP][PASSED] - takeScreenshot(): Taking screenshot successfully

2022-02-02 14:00:24 - [MESSAGE][PASSED] - Taking screenshot successfully
[[ATTACHMENT|C:\\Users\\Tinton Aji Sadewo\\Katalon Studio\\BukaLapak\\Reports\\20220202_135807\\BUKALAPAK\\Regretion Test\\20220202_135807\\1643785224125.png]]]]></system-out>
         <system-err><![CDATA[]]></system-err>
      </testcase>
      <testcase name="Test Cases/Bukalapak/Login_Invalid/Pwd_Salah" time="21.965" classname="Test Cases/Bukalapak/Login_Invalid/Pwd_Salah" status="PASSED">
         <system-out><![CDATA[2022-02-02 14:00:24 - [TEST_CASE][PASSED] - Test Cases/Bukalapak/Login_Invalid/Pwd_Salah: Test Cases/Bukalapak/Login_Invalid/Pwd_Salah

2022-02-02 14:00:24 - [TEST_STEP][PASSED] - openBrowser(""): Browser is opened with url: ''

2022-02-02 14:00:24 - [MESSAGE][WARNING] - A browser is already opened. Closing browser and opening a new one

2022-02-02 14:00:25 - [MESSAGE][INFO] - Starting 'Chrome' driver

2022-02-02 14:00:25 - [MESSAGE][INFO] - Action delay is set to 0 milliseconds

2022-02-02 14:00:27 - [MESSAGE][PASSED] - Browser is opened with url: ''

2022-02-02 14:00:27 - [TEST_STEP][PASSED] - navigateToUrl("https://www.bukalapak.com/"): Navigate to 'https://www.bukalapak.com/' successfully

2022-02-02 14:00:35 - [MESSAGE][PASSED] - Navigate to 'https://www.bukalapak.com/' successfully

2022-02-02 14:00:35 - [TEST_STEP][PASSED] - click(findTestObject("Object Repository/Login_Valid/Page_Situs Belanja Online dan Jual Beli Mud_3c8940/p_Login")): Object: 'Object Repository/Login_Valid/Page_Situs Belanja Online dan Jual Beli Mud_3c8940/p_Login' is clicked on

2022-02-02 14:00:40 - [MESSAGE][PASSED] - Object: 'Object Repository/Login_Valid/Page_Situs Belanja Online dan Jual Beli Mud_3c8940/p_Login' is clicked on

2022-02-02 14:00:40 - [TEST_STEP][PASSED] - setText(findTestObject("Object Repository/Login_Valid/Page_Accounts/input_Nomor handphone atau email_LoginID"), "testqatinton@gmail.com"): Text 'testqatinton@gmail.com' is set on object 'Object Repository/Login_Valid/Page_Accounts/input_Nomor handphone atau email_LoginID'

2022-02-02 14:00:43 - [MESSAGE][PASSED] - Text 'testqatinton@gmail.com' is set on object 'Object Repository/Login_Valid/Page_Accounts/input_Nomor handphone atau email_LoginID'

2022-02-02 14:00:43 - [TEST_STEP][PASSED] - click(findTestObject("Object Repository/Login_Valid/Page_Accounts/span_Lanjut")): Object: 'Object Repository/Login_Valid/Page_Accounts/span_Lanjut' is clicked on

2022-02-02 14:00:43 - [MESSAGE][PASSED] - Object: 'Object Repository/Login_Valid/Page_Accounts/span_Lanjut' is clicked on

2022-02-02 14:00:43 - [TEST_STEP][PASSED] - setEncryptedText(findTestObject("Object Repository/Login_Valid/Page_Accounts/input_Lanjut_Password"), "tzH6RvlfSTg="): Text ****** has been set on object 'Object Repository/Login_Valid/Page_Accounts/input_Lanjut_Password'

2022-02-02 14:00:44 - [MESSAGE][PASSED] - Text ****** has been set on object 'Object Repository/Login_Valid/Page_Accounts/input_Lanjut_Password'

2022-02-02 14:00:44 - [TEST_STEP][PASSED] - click(findTestObject("Login_Valid/Page_Accounts/button_Login")): Object: 'Object Repository/Login_Valid/Page_Accounts/button_Login' is clicked on

2022-02-02 14:00:45 - [MESSAGE][PASSED] - Object: 'Object Repository/Login_Valid/Page_Accounts/button_Login' is clicked on

2022-02-02 14:00:45 - [TEST_STEP][PASSED] - verifyElementText(findTestObject("Notifikasi_Login/p_Password yang kamu masukkan salah. Silakan coba lagi"), "Password yang kamu masukkan salah. Silakan coba lagi."): Actual text and expected text of test object 'Object Repository/Notifikasi_Login/p_Password yang kamu masukkan salah. Silakan coba lagi' are matched.

2022-02-02 14:00:45 - [MESSAGE][PASSED] - Actual text and expected text of test object 'Object Repository/Notifikasi_Login/p_Password yang kamu masukkan salah. Silakan coba lagi' are matched.

2022-02-02 14:00:45 - [TEST_STEP][PASSED] - takeScreenshot(): Taking screenshot successfully

2022-02-02 14:00:46 - [MESSAGE][PASSED] - Taking screenshot successfully
[[ATTACHMENT|C:\\Users\\Tinton Aji Sadewo\\Katalon Studio\\BukaLapak\\Reports\\20220202_135807\\BUKALAPAK\\Regretion Test\\20220202_135807\\1643785246127.png]]]]></system-out>
         <system-err><![CDATA[]]></system-err>
      </testcase>
      <testcase name="Test Cases/Bukalapak/Login_Invalid/pwd_null" time="21.166" classname="Test Cases/Bukalapak/Login_Invalid/pwd_null" status="PASSED">
         <system-out><![CDATA[2022-02-02 14:00:46 - [TEST_CASE][PASSED] - Test Cases/Bukalapak/Login_Invalid/pwd_null: Test Cases/Bukalapak/Login_Invalid/pwd_null

2022-02-02 14:00:46 - [TEST_STEP][PASSED] - openBrowser(""): Browser is opened with url: ''

2022-02-02 14:00:46 - [MESSAGE][WARNING] - A browser is already opened. Closing browser and opening a new one

2022-02-02 14:00:47 - [MESSAGE][INFO] - Starting 'Chrome' driver

2022-02-02 14:00:47 - [MESSAGE][INFO] - Action delay is set to 0 milliseconds

2022-02-02 14:00:49 - [MESSAGE][PASSED] - Browser is opened with url: ''

2022-02-02 14:00:49 - [TEST_STEP][PASSED] - navigateToUrl("https://www.bukalapak.com/"): Navigate to 'https://www.bukalapak.com/' successfully

2022-02-02 14:00:57 - [MESSAGE][PASSED] - Navigate to 'https://www.bukalapak.com/' successfully

2022-02-02 14:00:57 - [TEST_STEP][PASSED] - click(findTestObject("Object Repository/Login_Valid/Page_Situs Belanja Online dan Jual Beli Mud_3c8940/p_Login")): Object: 'Object Repository/Login_Valid/Page_Situs Belanja Online dan Jual Beli Mud_3c8940/p_Login' is clicked on

2022-02-02 14:01:01 - [MESSAGE][PASSED] - Object: 'Object Repository/Login_Valid/Page_Situs Belanja Online dan Jual Beli Mud_3c8940/p_Login' is clicked on

2022-02-02 14:01:01 - [TEST_STEP][PASSED] - setText(findTestObject("Object Repository/Login_Valid/Page_Accounts/input_Nomor handphone atau email_LoginID"), "testqatinton@gmail.com"): Text 'testqatinton@gmail.com' is set on object 'Object Repository/Login_Valid/Page_Accounts/input_Nomor handphone atau email_LoginID'

2022-02-02 14:01:04 - [MESSAGE][PASSED] - Text 'testqatinton@gmail.com' is set on object 'Object Repository/Login_Valid/Page_Accounts/input_Nomor handphone atau email_LoginID'

2022-02-02 14:01:04 - [TEST_STEP][PASSED] - click(findTestObject("Object Repository/Login_Valid/Page_Accounts/span_Lanjut")): Object: 'Object Repository/Login_Valid/Page_Accounts/span_Lanjut' is clicked on

2022-02-02 14:01:05 - [MESSAGE][PASSED] - Object: 'Object Repository/Login_Valid/Page_Accounts/span_Lanjut' is clicked on

2022-02-02 14:01:05 - [TEST_STEP][PASSED] - setText(findTestObject("Object Repository/Login_Valid/Page_Accounts/input_Lanjut_Password"), ""): Text '' is set on object 'Object Repository/Login_Valid/Page_Accounts/input_Lanjut_Password'

2022-02-02 14:01:06 - [MESSAGE][PASSED] - Text '' is set on object 'Object Repository/Login_Valid/Page_Accounts/input_Lanjut_Password'

2022-02-02 14:01:06 - [TEST_STEP][PASSED] - click(findTestObject("Login_Valid/Page_Accounts/button_Login")): Object: 'Object Repository/Login_Valid/Page_Accounts/button_Login' is clicked on

2022-02-02 14:01:06 - [MESSAGE][PASSED] - Object: 'Object Repository/Login_Valid/Page_Accounts/button_Login' is clicked on

2022-02-02 14:01:06 - [TEST_STEP][PASSED] - verifyElementText(findTestObject("Notifikasi_Login/p_Password wajib diisi, ya"), "Password wajib diisi, ya."): Actual text and expected text of test object 'Object Repository/Notifikasi_Login/p_Password wajib diisi, ya' are matched.

2022-02-02 14:01:07 - [MESSAGE][PASSED] - Actual text and expected text of test object 'Object Repository/Notifikasi_Login/p_Password wajib diisi, ya' are matched.

2022-02-02 14:01:07 - [TEST_STEP][PASSED] - takeScreenshot(): Taking screenshot successfully

2022-02-02 14:01:07 - [MESSAGE][PASSED] - Taking screenshot successfully
[[ATTACHMENT|C:\\Users\\Tinton Aji Sadewo\\Katalon Studio\\BukaLapak\\Reports\\20220202_135807\\BUKALAPAK\\Regretion Test\\20220202_135807\\1643785267295.png]]]]></system-out>
         <system-err><![CDATA[]]></system-err>
      </testcase>
      <system-out><![CDATA[2022-02-02 13:58:17 - [TEST_SUITE][PASSED] - Regretion Test: Test Cases/Bukalapak/Login_Invalid/pwd_null]]></system-out>
      <system-err><![CDATA[]]></system-err>
   </testsuite>
</testsuites>
